<?xml version="1.0" encoding="UTF-8"?>
<!-- Generated by org.testng.reporters.JUnitXMLReporter -->
<testsuite ignored="0" hostname="LAPTOP-9QSEN6ME" failures="0" tests="3" name="Test" time="13.978" errors="0" timestamp="2022-12-31T14:51:03 IST">
  <testcase classname="com.mobile.TC_Login" name="Login_test" time="13.915"/>
  <testcase classname="com.mobile.AppTest" name="testlogin1" time="0.014"/>
  <testcase classname="com.mobile.AppTest" name="testlogin2" time="0.001"/>
</testsuite> <!-- Test -->
