<?xml version="1.0" encoding="UTF-8"?>
<!-- Generated by org.testng.reporters.JUnitXMLReporter -->
<testsuite ignored="0" hostname="LAPTOP-9QSEN6ME" failures="0" tests="3" name="Test" time="38.382" errors="0" timestamp="2022-12-31T16:32:12 IST">
  <testcase classname="com.practiceSelenium.TC01_Login" name="Login_test" time="22.223"/>
  <testcase classname="com.practiceSelenium.TC02_VerifyTable" name="verifyTable" time="7.915"/>
  <testcase classname="com.practiceSelenium.TC03_LoginWithHM" name="LoginWithHM" time="8.182"/>
</testsuite> <!-- Test -->
