<?xml version="1.0" encoding="UTF-8"?>
<!-- Generated by org.testng.reporters.JUnitXMLReporter -->
<testsuite ignored="0" hostname="LAPTOP-9QSEN6ME" failures="0" tests="3" name="Test" time="26.769" errors="0" timestamp="2023-01-08T21:39:17 IST">
  <testcase classname="com.practiceSelenium.TC01_Login" name="Login_test" time="13.85"/>
  <testcase classname="com.practiceSelenium.TC02_VerifyTable" name="verifyTable" time="5.409"/>
  <testcase classname="com.practiceSelenium.TC03_LoginWithHM" name="LoginWithHM" time="7.461"/>
</testsuite> <!-- Test -->
